\BOOKMARK [1][-]{section.1}{\376\377\000I\000n\000t\000r\000o\000d\000u\000c\000t\000i\000o\000n}{}% 1
\BOOKMARK [1][-]{section.2}{\376\377\000D\000a\000t\000a}{}% 2
\BOOKMARK [1][-]{section.3}{\376\377\000M\000a\000t\000h\000e\000m\000a\000t\000i\000c\000a\000l\000\040\000T\000r\000e\000a\000t\000m\000e\000n\000t\000\040\000o\000f\000\040\000N\000e\000w\000s\000\040\000A\000r\000t\000i\000c\000l\000e\000s}{}% 3
\BOOKMARK [1][-]{section.4}{\376\377\000C\000l\000u\000s\000t\000e\000r\000i\000n\000g\000\040\000N\000e\000w\000s\000\040\000A\000r\000t\000i\000c\000l\000e\000s}{}% 4
\BOOKMARK [2][-]{subsection.4.1}{\376\377\000B\000e\000n\000c\000h\000m\000a\000r\000k\000:\000\040\000K\000M\000e\000a\000n\000s\000\040\000c\000l\000u\000s\000t\000e\000r\000i\000n\000g\000\040\000o\000f\000\040\000v\000e\000c\000t\000o\000r\000\040\000e\000m\000b\000e\000d\000d\000i\000n\000g\000s}{section.4}% 5
\BOOKMARK [3][-]{subsubsection.4.1.1}{\376\377\000W\000h\000y\000\040\000t\000h\000i\000s\000\040\000b\000e\000n\000c\000h\000m\000a\000r\000k\000?}{subsection.4.1}% 6
\BOOKMARK [3][-]{subsubsection.4.1.2}{\376\377\000V\000e\000c\000t\000o\000r\000\040\000e\000m\000b\000e\000d\000d\000i\000n\000g\000s\000:\000\040\000`\000`\000T\000r\000a\000n\000s\000f\000o\000r\000m\000i\000n\000g\000\040\000t\000e\000x\000t\000\040\000i\000n\000t\000o\000\040\000h\000i\000g\000h\000-\000d\000i\000m\000e\000n\000s\000i\000o\000n\000a\000l\000\040\000v\000e\000c\000t\000o\000r\000s\000'\000'}{subsection.4.1}% 7
\BOOKMARK [3][-]{subsubsection.4.1.3}{\376\377\000C\000l\000u\000s\000t\000e\000r\000i\000n\000g\000\040\000e\000m\000b\000e\000d\000d\000i\000n\000g\000s\000\040\000w\000i\000t\000h\000\040\000K\000M\000e\000a\000n\000s}{subsection.4.1}% 8
\BOOKMARK [2][-]{subsection.4.2}{\376\377\000L\000L\000M\000-\000b\000a\000s\000e\000d\000\040\000a\000p\000p\000r\000o\000a\000c\000h\000:\000\040\000`\000`\000W\000h\000a\000t\000\040\000i\000f\000\040\000a\000n\000\040\000L\000L\000M\000\040\000r\000e\000a\000d\000s\000\040\000t\000h\000e\000\040\000n\000e\000w\000s\000?\000'\000'}{section.4}% 9
\BOOKMARK [3][-]{subsubsection.4.2.1}{\376\377\000L\000a\000r\000g\000e\000\040\000L\000a\000n\000g\000u\000a\000g\000e\000\040\000M\000o\000d\000e\000l\000s}{subsection.4.2}% 10
\BOOKMARK [3][-]{subsubsection.4.2.2}{\376\377\000E\000v\000o\000l\000u\000t\000i\000o\000n\000\040\000o\000f\000\040\000L\000L\000M\000s}{subsection.4.2}% 11
\BOOKMARK [3][-]{subsubsection.4.2.3}{\376\377\000F\000u\000n\000c\000t\000i\000o\000n\000\040\000C\000a\000l\000l\000i\000n\000g\000\040\000w\000i\000t\000h\000\040\000L\000l\000a\000m\000a\000-\0003}{subsection.4.2}% 12
\BOOKMARK [3][-]{subsubsection.4.2.4}{\376\377\000C\000l\000u\000s\000t\000e\000r\000i\000n\000g\000\040\000w\000i\000t\000h\000\040\000t\000h\000e\000\040\000L\000L\000M}{subsection.4.2}% 13
\BOOKMARK [1][-]{section.5}{\376\377\000T\000r\000a\000d\000i\000n\000g\000\040\000S\000t\000r\000a\000t\000e\000g\000y}{}% 14
\BOOKMARK [2][-]{subsection.5.1}{\376\377\000B\000e\000t\000a\000-\000n\000e\000u\000t\000r\000a\000l\000\040\000p\000o\000s\000i\000t\000i\000o\000n\000s\000\040\000o\000n\000\040\000e\000v\000e\000r\000y\000\040\000\050\000i\000,\000j\000\051\000B}{section.5}% 15
\BOOKMARK [2][-]{subsection.5.2}{\376\377\000O\000p\000t\000i\000m\000a\000l\000\040\000C\000l\000u\000s\000t\000e\000r\000\040\000S\000e\000l\000e\000c\000t\000i\000o\000n}{section.5}% 16
\BOOKMARK [3][-]{subsubsection.5.2.1}{\376\377\000G\000r\000e\000e\000d\000y\000\040\000A\000l\000g\000o\000r\000i\000t\000h\000m}{subsection.5.2}% 17
\BOOKMARK [3][-]{subsubsection.5.2.2}{\376\377\000S\000t\000a\000b\000l\000e\000\040\000A\000l\000g\000o\000r\000i\000t\000h\000m}{subsection.5.2}% 18
\BOOKMARK [2][-]{subsection.5.3}{\376\377\000T\000r\000a\000d\000i\000n\000g\000\040\000R\000u\000l\000e\000\040\000\046\000\040\000P\000o\000r\000t\000f\000o\000l\000i\000o\000\040\000C\000o\000n\000s\000t\000r\000u\000c\000t\000i\000o\000n}{section.5}% 19
\BOOKMARK [1][-]{section.6}{\376\377\000R\000o\000b\000u\000s\000t\000n\000e\000s\000s\000\040\000C\000h\000e\000c\000k\000s}{}% 20
\BOOKMARK [1][-]{section.7}{\376\377\000C\000o\000n\000c\000l\000u\000s\000i\000o\000n}{}% 21
\BOOKMARK [1][-]{appendix.A}{\376\377\000A\000p\000p\000e\000n\000d\000i\000x}{}% 22
\BOOKMARK [2][-]{subsection.A.1}{\376\377\000K\000M\000e\000a\000n\000s\000\040\000A\000l\000g\000o\000r\000i\000t\000h\000m}{appendix.A}% 23
\BOOKMARK [2][-]{subsection.A.2}{\376\377\000H\000y\000p\000e\000r\000p\000a\000r\000a\000m\000e\000t\000e\000r\000\040\000C\000h\000o\000i\000c\000e\000\040\000J\000u\000s\000t\000i\000f\000i\000c\000a\000t\000i\000o\000n}{appendix.A}% 24
\BOOKMARK [3][-]{subsubsection.A.2.1}{\376\377\000K\000M\000e\000a\000n\000s\000\040\000C\000l\000u\000s\000t\000e\000r\000i\000n\000g}{subsection.A.2}% 25
\BOOKMARK [3][-]{subsubsection.A.2.2}{\376\377\000L\000L\000M\000\040\000C\000l\000u\000s\000t\000e\000r\000i\000n\000g}{subsection.A.2}% 26
\BOOKMARK [2][-]{subsection.A.3}{\376\377\000C\000l\000u\000s\000t\000e\000r\000-\000A\000v\000e\000r\000a\000g\000e\000\040\000S\000h\000a\000r\000p\000e\000\040\000R\000a\000t\000i\000o\000s}{appendix.A}% 27
\BOOKMARK [2][-]{subsection.A.4}{\376\377\000O\000p\000t\000i\000m\000a\000l\000\040\000C\000l\000u\000s\000t\000e\000r\000\040\000S\000e\000l\000e\000c\000t\000i\000o\000n\000\040\000A\000l\000g\000o\000r\000i\000t\000h\000m\000s}{appendix.A}% 28
\BOOKMARK [2][-]{subsection.A.5}{\376\377\000S\000a\000m\000p\000l\000e\000\040\000o\000f\000\040\000a\000r\000t\000i\000c\000l\000e\000s\000\040\000f\000o\000r\000\040\000e\000a\000c\000h\000\040\000c\000l\000u\000s\000t\000e\000r}{appendix.A}% 29
\BOOKMARK [2][-]{subsection.A.6}{\376\377\000F\000u\000n\000c\000t\000i\000o\000n\000\040\000C\000a\000l\000l\000i\000n\000g\000\040\000w\000i\000t\000h\000\040\000L\000l\000a\000m\000a\000-\0003}{appendix.A}% 30
\BOOKMARK [2][-]{subsection.A.7}{\376\377\000W\000h\000y\000\040\000n\000o\000t\000\040\000u\000s\000i\000n\000g\000\040\000a\000\040\000d\000i\000f\000f\000e\000r\000e\000n\000t\000\040\000b\000e\000n\000c\000h\000m\000a\000r\000k\000?}{appendix.A}% 31
\BOOKMARK [2][-]{subsection.A.8}{\376\377\000T\000r\000a\000d\000i\000n\000g\000\040\000I\000n\000t\000e\000n\000s\000i\000t\000y}{appendix.A}% 32
